{
  "RSpec": {
    "coverage": {
      "/home/comical-pool-5193/tic-tac-toe-rb-online-web-sp-000/lib/tic_tac_toe.rb": [
        null,
        1,
        null,
        null,
        null,
        null,
        null,
        null,
        null,
        null,
        null,
        1,
        12,
        16,
        null,
        null,
        12,
        5,
        7,
        3,
        null,
        null,
        null,
        1,
        23,
        23,
        23,
        23,
        23,
        null,
        null,
        1,
        21,
        null,
        null,
        1,
        58,
        396,
        null,
        null,
        null,
        null,
        null,
        1,
        108,
        null,
        null,
        1,
        22,
        null,
        null,
        1,
        20,
        null,
        null,
        1,
        18,
        18,
        18,
        18,
        18,
        null,
        0,
        null,
        null,
        null,
        1,
        3,
        null,
        null,
        1,
        152,
        null,
        null,
        null,
        null,
        1,
        19,
        null,
        null,
        1,
        200,
        null,
        null,
        1,
        21,
        null,
        null,
        1,
        7,
        6,
        null,
        null
      ]
    },
    "timestamp": 1606702475
  }
}
